Build started 02.01.2015 21:52:02.
     1>Project "C:\Users\SMSNG\Documents\Visual Studio 2012\Projects\Proje\Proje.vcxproj" on node 2 (Build target(s)).
     1>ClCompile:
         C:\Program Files (x86)\Microsoft Visual Studio 11.0\VC\bin\CL.exe /c /IF:\opencv\build\include\opencv2 /IF:\opencv\build\include\opencv /IF:\opencv\build\include /IF:\Qt\5.3\msvc2012_opengl\include /IF:\Qt\5.3\msvc2012_opengl\include\QtMultimedia /IF:\Qt\5.3\msvc2012_opengl\include\QtWidgets /IF:\Qt\5.3\msvc2012_opengl\include\QtNetwork /IF:\Qt\5.3\msvc2012_opengl\include\QtGui /IF:\Qt\5.3\msvc2012_opengl\include\QtCore /Irelease /I. /I"F:\Qt\5.3\msvc2012_opengl\mkspecs\win32-msvc2012" /I.\GeneratedFiles /nologo /W3 /WX- /O2 /Oy- /D "_WINDOWS" /D "UNICODE" /D "WIN32" /D QT_NO_DEBUG /D "QT_MULTIMEDIA_LIB" /D "QT_WIDGETS_LIB" /D "QT_NETWORK_LIB" /D "QT_GUI_LIB" /D "QT_CORE_LIB" /D NDEBUG /Gm- /EHsc /MD /GS /fp:precise /Zc:wchar_t /Zc:forScope /GR /Fo"Win32\Release\\" /Fd"Win32\Release\vc110.pdb" /Gd /TP /analyze- /errorReport:prompt -Zm200 -w34100 -w34189 about.cpp interface.cpp main.cpp Release\moc_about.cpp Release\moc_interface.cpp rs232.cpp
         about.cpp
     1>about.cpp(6): warning C4100: 'parent' : unreferenced formal parameter
         interface.cpp
     1>f:\opencv\build\include\opencv2\flann\logger.h(66): warning C4996: 'fopen': This function or variable may be unsafe. Consider using fopen_s instead. To disable deprecation, use _CRT_SECURE_NO_WARNINGS. See online help for details.
                 C:\Program Files (x86)\Microsoft Visual Studio 11.0\VC\include\stdio.h(218) : see declaration of 'fopen'
     1>c:\users\smsng\documents\visual studio 2012\projects\proje\aruco\cameraparameters.h(58): warning C4290: C++ exception specification ignored except to indicate a function is not __declspec(nothrow)
     1>c:\users\smsng\documents\visual studio 2012\projects\proje\aruco\cameraparameters.h(64): warning C4290: C++ exception specification ignored except to indicate a function is not __declspec(nothrow)
     1>c:\users\smsng\documents\visual studio 2012\projects\proje\aruco\cameraparameters.h(79): warning C4290: C++ exception specification ignored except to indicate a function is not __declspec(nothrow)
     1>c:\users\smsng\documents\visual studio 2012\projects\proje\aruco\cameraparameters.h(82): warning C4290: C++ exception specification ignored except to indicate a function is not __declspec(nothrow)
     1>c:\users\smsng\documents\visual studio 2012\projects\proje\aruco\cameraparameters.h(86): warning C4290: C++ exception specification ignored except to indicate a function is not __declspec(nothrow)
     1>c:\users\smsng\documents\visual studio 2012\projects\proje\aruco\cameraparameters.h(90): warning C4290: C++ exception specification ignored except to indicate a function is not __declspec(nothrow)
     1>c:\users\smsng\documents\visual studio 2012\projects\proje\aruco\cameraparameters.h(107): warning C4290: C++ exception specification ignored except to indicate a function is not __declspec(nothrow)
     1>c:\users\smsng\documents\visual studio 2012\projects\proje\aruco\cameraparameters.h(119): warning C4290: C++ exception specification ignored except to indicate a function is not __declspec(nothrow)
     1>c:\users\smsng\documents\visual studio 2012\projects\proje\aruco\cameraparameters.h(129): warning C4290: C++ exception specification ignored except to indicate a function is not __declspec(nothrow)
     1>c:\users\smsng\documents\visual studio 2012\projects\proje\aruco\cameraparameters.h(130): warning C4290: C++ exception specification ignored except to indicate a function is not __declspec(nothrow)
     1>c:\users\smsng\documents\visual studio 2012\projects\proje\aruco\marker.h(76): warning C4290: C++ exception specification ignored except to indicate a function is not __declspec(nothrow)
     1>c:\users\smsng\documents\visual studio 2012\projects\proje\aruco\marker.h(83): warning C4290: C++ exception specification ignored except to indicate a function is not __declspec(nothrow)
     1>c:\users\smsng\documents\visual studio 2012\projects\proje\aruco\marker.h(88): warning C4290: C++ exception specification ignored except to indicate a function is not __declspec(nothrow)
     1>c:\users\smsng\documents\visual studio 2012\projects\proje\aruco\marker.h(100): warning C4290: C++ exception specification ignored except to indicate a function is not __declspec(nothrow)
     1>c:\users\smsng\documents\visual studio 2012\projects\proje\aruco\markerdetector.h(87): warning C4290: C++ exception specification ignored except to indicate a function is not __declspec(nothrow)
     1>c:\users\smsng\documents\visual studio 2012\projects\proje\aruco\markerdetector.h(98): warning C4290: C++ exception specification ignored except to indicate a function is not __declspec(nothrow)
     1>c:\users\smsng\documents\visual studio 2012\projects\proje\aruco\markerdetector.h(164): warning C4290: C++ exception specification ignored except to indicate a function is not __declspec(nothrow)
     1>c:\users\smsng\documents\visual studio 2012\projects\proje\aruco\markerdetector.h(196): warning C4290: C++ exception specification ignored except to indicate a function is not __declspec(nothrow)
     1>c:\users\smsng\documents\visual studio 2012\projects\proje\aruco\markerdetector.h(238): warning C4290: C++ exception specification ignored except to indicate a function is not __declspec(nothrow)
     1>c:\users\smsng\documents\visual studio 2012\projects\proje\aruco\markerdetector.h(258): warning C4290: C++ exception specification ignored except to indicate a function is not __declspec(nothrow)
     1>c:\users\smsng\documents\visual studio 2012\projects\proje\aruco\markerdetector.h(281): warning C4290: C++ exception specification ignored except to indicate a function is not __declspec(nothrow)
     1>c:\users\smsng\documents\visual studio 2012\projects\proje\aruco\markerdetector.h(285): warning C4290: C++ exception specification ignored except to indicate a function is not __declspec(nothrow)
     1>c:\users\smsng\documents\visual studio 2012\projects\proje\aruco\board.h(82): warning C4290: C++ exception specification ignored except to indicate a function is not __declspec(nothrow)
     1>c:\users\smsng\documents\visual studio 2012\projects\proje\aruco\board.h(93): warning C4290: C++ exception specification ignored except to indicate a function is not __declspec(nothrow)
     1>c:\users\smsng\documents\visual studio 2012\projects\proje\aruco\board.h(96): warning C4290: C++ exception specification ignored except to indicate a function is not __declspec(nothrow)
     1>c:\users\smsng\documents\visual studio 2012\projects\proje\aruco\board.h(112): warning C4290: C++ exception specification ignored except to indicate a function is not __declspec(nothrow)
     1>c:\users\smsng\documents\visual studio 2012\projects\proje\aruco\board.h(119): warning C4290: C++ exception specification ignored except to indicate a function is not __declspec(nothrow)
     1>c:\users\smsng\documents\visual studio 2012\projects\proje\aruco\board.h(122): warning C4290: C++ exception specification ignored except to indicate a function is not __declspec(nothrow)
     1>c:\users\smsng\documents\visual studio 2012\projects\proje\aruco\board.h(147): warning C4290: C++ exception specification ignored except to indicate a function is not __declspec(nothrow)
     1>c:\users\smsng\documents\visual studio 2012\projects\proje\aruco\board.h(159): warning C4290: C++ exception specification ignored except to indicate a function is not __declspec(nothrow)
     1>c:\users\smsng\documents\visual studio 2012\projects\proje\aruco\board.h(164): warning C4290: C++ exception specification ignored except to indicate a function is not __declspec(nothrow)
     1>c:\users\smsng\documents\visual studio 2012\projects\proje\aruco\board.h(167): warning C4290: C++ exception specification ignored except to indicate a function is not __declspec(nothrow)
     1>c:\users\smsng\documents\visual studio 2012\projects\proje\aruco\boarddetector.h(83): warning C4290: C++ exception specification ignored except to indicate a function is not __declspec(nothrow)
     1>c:\users\smsng\documents\visual studio 2012\projects\proje\aruco\boarddetector.h(108): warning C4290: C++ exception specification ignored except to indicate a function is not __declspec(nothrow)
     1>c:\users\smsng\documents\visual studio 2012\projects\proje\aruco\boarddetector.h(109): warning C4290: C++ exception specification ignored except to indicate a function is not __declspec(nothrow)
     1>c:\users\smsng\documents\visual studio 2012\projects\proje\aruco/cameraparameters.cpp(47): warning C4290: C++ exception specification ignored except to indicate a function is not __declspec(nothrow)
     1>c:\users\smsng\documents\visual studio 2012\projects\proje\aruco/cameraparameters.cpp(68): warning C4290: C++ exception specification ignored except to indicate a function is not __declspec(nothrow)
     1>c:\users\smsng\documents\visual studio 2012\projects\proje\aruco/cameraparameters.cpp(110): warning C4290: C++ exception specification ignored except to indicate a function is not __declspec(nothrow)
     1>c:\users\smsng\documents\visual studio 2012\projects\proje\aruco/cameraparameters.cpp(123): warning C4996: 'sscanf': This function or variable may be unsafe. Consider using sscanf_s instead. To disable deprecation, use _CRT_SECURE_NO_WARNINGS. See online help for details.
                 C:\Program Files (x86)\Microsoft Visual Studio 11.0\VC\include\stdio.h(311) : see declaration of 'sscanf'
     1>c:\users\smsng\documents\visual studio 2012\projects\proje\aruco/cameraparameters.cpp(140): warning C4290: C++ exception specification ignored except to indicate a function is not __declspec(nothrow)
     1>c:\users\smsng\documents\visual studio 2012\projects\proje\aruco/cameraparameters.cpp(169): warning C4290: C++ exception specification ignored except to indicate a function is not __declspec(nothrow)
     1>c:\users\smsng\documents\visual studio 2012\projects\proje\aruco/cameraparameters.cpp(189): warning C4290: C++ exception specification ignored except to indicate a function is not __declspec(nothrow)
     1>c:\users\smsng\documents\visual studio 2012\projects\proje\aruco/cameraparameters.cpp(223): warning C4290: C++ exception specification ignored except to indicate a function is not __declspec(nothrow)
     1>c:\users\smsng\documents\visual studio 2012\projects\proje\aruco/cameraparameters.cpp(274): warning C4290: C++ exception specification ignored except to indicate a function is not __declspec(nothrow)
     1>c:\users\smsng\documents\visual studio 2012\projects\proje\aruco/cameraparameters.cpp(344): warning C4290: C++ exception specification ignored except to indicate a function is not __declspec(nothrow)
     1>c:\users\smsng\documents\visual studio 2012\projects\proje\aruco/cameraparameters.cpp(425): warning C4290: C++ exception specification ignored except to indicate a function is not __declspec(nothrow)
     1>c:\users\smsng\documents\visual studio 2012\projects\proje\aruco/marker.cpp(75): warning C4290: C++ exception specification ignored except to indicate a function is not __declspec(nothrow)
     1>c:\users\smsng\documents\visual studio 2012\projects\proje\aruco/marker.cpp(131): warning C4290: C++ exception specification ignored except to indicate a function is not __declspec(nothrow)
     1>c:\users\smsng\documents\visual studio 2012\projects\proje\aruco/marker.cpp(234): warning C4996: 'sprintf': This function or variable may be unsafe. Consider using sprintf_s instead. To disable deprecation, use _CRT_SECURE_NO_WARNINGS. See online help for details.
                 C:\Program Files (x86)\Microsoft Visual Studio 11.0\VC\include\stdio.h(357) : see declaration of 'sprintf'
     1>c:\users\smsng\documents\visual studio 2012\projects\proje\aruco/marker.cpp(250): warning C4290: C++ exception specification ignored except to indicate a function is not __declspec(nothrow)
     1>c:\users\smsng\documents\visual studio 2012\projects\proje\aruco/marker.cpp(261): warning C4290: C++ exception specification ignored except to indicate a function is not __declspec(nothrow)
     1>c:\users\smsng\documents\visual studio 2012\projects\proje\aruco/marker.cpp(312): warning C4305: 'initializing' : truncation from 'double' to 'float'
     1>c:\users\smsng\documents\visual studio 2012\projects\proje\aruco\arucofidmarkers.h(73): warning C4290: C++ exception specification ignored except to indicate a function is not __declspec(nothrow)
     1>c:\users\smsng\documents\visual studio 2012\projects\proje\aruco\arucofidmarkers.h(84): warning C4290: C++ exception specification ignored except to indicate a function is not __declspec(nothrow)
     1>c:\users\smsng\documents\visual studio 2012\projects\proje\aruco\arucofidmarkers.h(94): warning C4290: C++ exception specification ignored except to indicate a function is not __declspec(nothrow)
     1>c:\users\smsng\documents\visual studio 2012\projects\proje\aruco\arucofidmarkers.h(104): warning C4290: C++ exception specification ignored except to indicate a function is not __declspec(nothrow)
     1>c:\users\smsng\documents\visual studio 2012\projects\proje\aruco\arucofidmarkers.h(114): warning C4290: C++ exception specification ignored except to indicate a function is not __declspec(nothrow)
     1>c:\users\smsng\documents\visual studio 2012\projects\proje\aruco\arucofidmarkers.h(118): warning C4290: C++ exception specification ignored except to indicate a function is not __declspec(nothrow)
     1>c:\users\smsng\documents\visual studio 2012\projects\proje\aruco/markerdetector.cpp(58): warning C4305: '=' : truncation from 'double' to 'float'
     1>c:\users\smsng\documents\visual studio 2012\projects\proje\aruco/markerdetector.cpp(61): warning C4305: '=' : truncation from 'double' to 'float'
     1>c:\users\smsng\documents\visual studio 2012\projects\proje\aruco/markerdetector.cpp(110): warning C4290: C++ exception specification ignored except to indicate a function is not __declspec(nothrow)
     1>c:\users\smsng\documents\visual studio 2012\projects\proje\aruco/markerdetector.cpp(122): warning C4290: C++ exception specification ignored except to indicate a function is not __declspec(nothrow)
     1>c:\users\smsng\documents\visual studio 2012\projects\proje\aruco/markerdetector.cpp(178): warning C4018: '<' : signed/unsigned mismatch
     1>c:\users\smsng\documents\visual studio 2012\projects\proje\aruco/markerdetector.cpp(311): warning C4018: '<' : signed/unsigned mismatch
     1>c:\users\smsng\documents\visual studio 2012\projects\proje\aruco/markerdetector.cpp(435): warning C4290: C++ exception specification ignored except to indicate a function is not __declspec(nothrow)
     1>c:\users\smsng\documents\visual studio 2012\projects\proje\aruco/markerdetector.cpp(476): warning C4290: C++ exception specification ignored except to indicate a function is not __declspec(nothrow)
     1>c:\users\smsng\documents\visual studio 2012\projects\proje\aruco/markerdetector.cpp(528): warning C4018: '<' : signed/unsigned mismatch
     1>c:\users\smsng\documents\visual studio 2012\projects\proje\aruco/markerdetector.cpp(544): warning C4018: '<' : signed/unsigned mismatch
     1>c:\users\smsng\documents\visual studio 2012\projects\proje\aruco/markerdetector.cpp(520): warning C4189: 'colors' : local variable is initialized but not referenced
     1>c:\users\smsng\documents\visual studio 2012\projects\proje\aruco/markerdetector.cpp(580): warning C4290: C++ exception specification ignored except to indicate a function is not __declspec(nothrow)
     1>c:\users\smsng\documents\visual studio 2012\projects\proje\aruco/markerdetector.cpp(752): warning C4100: 'blockSize' : unreferenced formal parameter
     1>c:\users\smsng\documents\visual studio 2012\projects\proje\aruco/markerdetector.cpp(855): warning C4018: '<' : signed/unsigned mismatch
     1>c:\users\smsng\documents\visual studio 2012\projects\proje\aruco/markerdetector.cpp(870): warning C4018: '<' : signed/unsigned mismatch
     1>c:\users\smsng\documents\visual studio 2012\projects\proje\aruco/markerdetector.cpp(1011): warning C4290: C++ exception specification ignored except to indicate a function is not __declspec(nothrow)
     1>c:\users\smsng\documents\visual studio 2012\projects\proje\aruco/markerdetector.cpp(1024): warning C4290: C++ exception specification ignored except to indicate a function is not __declspec(nothrow)
     1>c:\users\smsng\documents\visual studio 2012\projects\proje\aruco/markerdetector.cpp(1040): warning C4290: C++ exception specification ignored except to indicate a function is not __declspec(nothrow)
     1>c:\users\smsng\documents\visual studio 2012\projects\proje\aruco/subpixelcorner.cpp(65): warning C4189: 'k' : local variable is initialized but not referenced
     1>c:\users\smsng\documents\visual studio 2012\projects\proje\aruco/subpixelcorner.cpp(94): warning C4018: '<' : signed/unsigned mismatch
     1>c:\users\smsng\documents\visual studio 2012\projects\proje\aruco/arucofidmarkers.cpp(45): warning C4290: C++ exception specification ignored except to indicate a function is not __declspec(nothrow)
     1>c:\users\smsng\documents\visual studio 2012\projects\proje\aruco/arucofidmarkers.cpp(67): warning C4996: 'sprintf': This function or variable may be unsafe. Consider using sprintf_s instead. To disable deprecation, use _CRT_SECURE_NO_WARNINGS. See online help for details.
                 C:\Program Files (x86)\Microsoft Visual Studio 11.0\VC\include\stdio.h(357) : see declaration of 'sprintf'
     1>c:\users\smsng\documents\visual studio 2012\projects\proje\aruco/arucofidmarkers.cpp(76): warning C4290: C++ exception specification ignored except to indicate a function is not __declspec(nothrow)
     1>c:\users\smsng\documents\visual studio 2012\projects\proje\aruco/arucofidmarkers.cpp(102): warning C4290: C++ exception specification ignored except to indicate a function is not __declspec(nothrow)
     1>c:\users\smsng\documents\visual studio 2012\projects\proje\aruco/arucofidmarkers.cpp(148): warning C4290: C++ exception specification ignored except to indicate a function is not __declspec(nothrow)
     1>c:\users\smsng\documents\visual studio 2012\projects\proje\aruco/arucofidmarkers.cpp(177): warning C4018: '>=' : signed/unsigned mismatch
     1>c:\users\smsng\documents\visual studio 2012\projects\proje\aruco/arucofidmarkers.cpp(208): warning C4290: C++ exception specification ignored except to indicate a function is not __declspec(nothrow)
     1>c:\users\smsng\documents\visual studio 2012\projects\proje\aruco/arucofidmarkers.cpp(484): warning C4290: C++ exception specification ignored except to indicate a function is not __declspec(nothrow)
     1>c:\users\smsng\documents\visual studio 2012\projects\proje\aruco/arucofidmarkers.cpp(502): warning C4018: '<' : signed/unsigned mismatch
     1>interface.cpp(33): warning C4100: 'parent' : unreferenced formal parameter
     1>interface.cpp(52): warning C4100: 'parent' : unreferenced formal parameter
         main.cpp
     1>f:\opencv\build\include\opencv2\flann\logger.h(66): warning C4996: 'fopen': This function or variable may be unsafe. Consider using fopen_s instead. To disable deprecation, use _CRT_SECURE_NO_WARNINGS. See online help for details.
                 C:\Program Files (x86)\Microsoft Visual Studio 11.0\VC\include\stdio.h(218) : see declaration of 'fopen'
         moc_about.cpp
         moc_interface.cpp
     1>f:\opencv\build\include\opencv2\flann\logger.h(66): warning C4996: 'fopen': This function or variable may be unsafe. Consider using fopen_s instead. To disable deprecation, use _CRT_SECURE_NO_WARNINGS. See online help for details.
                 C:\Program Files (x86)\Microsoft Visual Studio 11.0\VC\include\stdio.h(218) : see declaration of 'fopen'
         rs232.cpp
     1>rs232.cpp(241): warning C4996: 'strcpy': This function or variable may be unsafe. Consider using strcpy_s instead. To disable deprecation, use _CRT_SECURE_NO_WARNINGS. See online help for details.
                 C:\Program Files (x86)\Microsoft Visual Studio 11.0\VC\include\string.h(110) : see declaration of 'strcpy'
     1>rs232.cpp(243): warning C4996: 'strcpy': This function or variable may be unsafe. Consider using strcpy_s instead. To disable deprecation, use _CRT_SECURE_NO_WARNINGS. See online help for details.
                 C:\Program Files (x86)\Microsoft Visual Studio 11.0\VC\include\string.h(110) : see declaration of 'strcpy'
     1>rs232.cpp(245): warning C4996: 'strcpy': This function or variable may be unsafe. Consider using strcpy_s instead. To disable deprecation, use _CRT_SECURE_NO_WARNINGS. See online help for details.
                 C:\Program Files (x86)\Microsoft Visual Studio 11.0\VC\include\string.h(110) : see declaration of 'strcpy'
     1>rs232.cpp(247): warning C4996: 'strcpy': This function or variable may be unsafe. Consider using strcpy_s instead. To disable deprecation, use _CRT_SECURE_NO_WARNINGS. See online help for details.
                 C:\Program Files (x86)\Microsoft Visual Studio 11.0\VC\include\string.h(110) : see declaration of 'strcpy'
     1>rs232.cpp(249): warning C4996: 'strcpy': This function or variable may be unsafe. Consider using strcpy_s instead. To disable deprecation, use _CRT_SECURE_NO_WARNINGS. See online help for details.
                 C:\Program Files (x86)\Microsoft Visual Studio 11.0\VC\include\string.h(110) : see declaration of 'strcpy'
     1>rs232.cpp(251): warning C4996: 'strcpy': This function or variable may be unsafe. Consider using strcpy_s instead. To disable deprecation, use _CRT_SECURE_NO_WARNINGS. See online help for details.
                 C:\Program Files (x86)\Microsoft Visual Studio 11.0\VC\include\string.h(110) : see declaration of 'strcpy'
     1>rs232.cpp(253): warning C4996: 'strcpy': This function or variable may be unsafe. Consider using strcpy_s instead. To disable deprecation, use _CRT_SECURE_NO_WARNINGS. See online help for details.
                 C:\Program Files (x86)\Microsoft Visual Studio 11.0\VC\include\string.h(110) : see declaration of 'strcpy'
     1>rs232.cpp(255): warning C4996: 'strcpy': This function or variable may be unsafe. Consider using strcpy_s instead. To disable deprecation, use _CRT_SECURE_NO_WARNINGS. See online help for details.
                 C:\Program Files (x86)\Microsoft Visual Studio 11.0\VC\include\string.h(110) : see declaration of 'strcpy'
     1>rs232.cpp(257): warning C4996: 'strcpy': This function or variable may be unsafe. Consider using strcpy_s instead. To disable deprecation, use _CRT_SECURE_NO_WARNINGS. See online help for details.
                 C:\Program Files (x86)\Microsoft Visual Studio 11.0\VC\include\string.h(110) : see declaration of 'strcpy'
     1>rs232.cpp(259): warning C4996: 'strcpy': This function or variable may be unsafe. Consider using strcpy_s instead. To disable deprecation, use _CRT_SECURE_NO_WARNINGS. See online help for details.
                 C:\Program Files (x86)\Microsoft Visual Studio 11.0\VC\include\string.h(110) : see declaration of 'strcpy'
     1>rs232.cpp(261): warning C4996: 'strcpy': This function or variable may be unsafe. Consider using strcpy_s instead. To disable deprecation, use _CRT_SECURE_NO_WARNINGS. See online help for details.
                 C:\Program Files (x86)\Microsoft Visual Studio 11.0\VC\include\string.h(110) : see declaration of 'strcpy'
     1>rs232.cpp(263): warning C4996: 'strcpy': This function or variable may be unsafe. Consider using strcpy_s instead. To disable deprecation, use _CRT_SECURE_NO_WARNINGS. See online help for details.
                 C:\Program Files (x86)\Microsoft Visual Studio 11.0\VC\include\string.h(110) : see declaration of 'strcpy'
     1>rs232.cpp(265): warning C4996: 'strcpy': This function or variable may be unsafe. Consider using strcpy_s instead. To disable deprecation, use _CRT_SECURE_NO_WARNINGS. See online help for details.
                 C:\Program Files (x86)\Microsoft Visual Studio 11.0\VC\include\string.h(110) : see declaration of 'strcpy'
         Generating Code...
       Link:
         C:\Program Files (x86)\Microsoft Visual Studio 11.0\VC\bin\link.exe /ERRORREPORT:PROMPT /OUT:"release\\Proje.exe" /INCREMENTAL:NO /NOLOGO /LIBPATH:F:\Qt\5.3\msvc2012_opengl\lib /LIBPATH:F:\opencv\build\x86\vc11\staticlib F:\Qt\5.3\msvc2012_opengl\lib\qtmain.lib F:\Qt\5.3\msvc2012_opengl\lib\Qt5Core.lib F:\Qt\5.3\msvc2012_opengl\lib\Qt5Gui.lib F:\Qt\5.3\msvc2012_opengl\lib\Qt5Multimedia.lib F:\Qt\5.3\msvc2012_opengl\lib\Qt5Widgets.lib F:\opencv\build\x86\vc11\lib\opencv_calib3d249.lib F:\opencv\build\x86\vc11\lib\opencv_calib3d249d.lib F:\opencv\build\x86\vc11\lib\opencv_contrib249.lib F:\opencv\build\x86\vc11\lib\opencv_contrib249d.lib F:\opencv\build\x86\vc11\lib\opencv_core249.lib F:\opencv\build\x86\vc11\lib\opencv_core249d.lib F:\opencv\build\x86\vc11\lib\opencv_features2d249.lib F:\opencv\build\x86\vc11\lib\opencv_features2d249d.lib F:\opencv\build\x86\vc11\lib\opencv_flann249.lib F:\opencv\build\x86\vc11\lib\opencv_flann249d.lib F:\opencv\build\x86\vc11\lib\opencv_gpu249.lib F:\opencv\build\x86\vc11\lib\opencv_gpu249d.lib F:\opencv\build\x86\vc11\lib\opencv_highgui249.lib F:\opencv\build\x86\vc11\lib\opencv_highgui249d.lib F:\opencv\build\x86\vc11\lib\opencv_imgproc249.lib F:\opencv\build\x86\vc11\lib\opencv_imgproc249d.lib F:\opencv\build\x86\vc11\lib\opencv_legacy249.lib F:\opencv\build\x86\vc11\lib\opencv_legacy249d.lib F:\opencv\build\x86\vc11\lib\opencv_ml249.lib F:\opencv\build\x86\vc11\lib\opencv_ml249d.lib F:\opencv\build\x86\vc11\lib\opencv_nonfree249.lib F:\opencv\build\x86\vc11\lib\opencv_nonfree249d.lib F:\opencv\build\x86\vc11\lib\opencv_objdetect249.lib F:\opencv\build\x86\vc11\lib\opencv_objdetect249d.lib F:\opencv\build\x86\vc11\lib\opencv_ocl249.lib F:\opencv\build\x86\vc11\lib\opencv_ocl249d.lib F:\opencv\build\x86\vc11\lib\opencv_photo249.lib F:\opencv\build\x86\vc11\lib\opencv_photo249d.lib F:\opencv\build\x86\vc11\lib\opencv_stitching249.lib F:\opencv\build\x86\vc11\lib\opencv_stitching249d.lib F:\opencv\build\x86\vc11\lib\opencv_superres249.lib F:\opencv\build\x86\vc11\lib\opencv_superres249d.lib F:\opencv\build\x86\vc11\lib\opencv_ts249.lib F:\opencv\build\x86\vc11\lib\opencv_ts249d.lib F:\opencv\build\x86\vc11\lib\opencv_video249.lib F:\opencv\build\x86\vc11\lib\opencv_video249d.lib F:\opencv\build\x86\vc11\lib\opencv_videostab249.lib F:\opencv\build\x86\vc11\lib\opencv_videostab249d.lib kernel32.lib user32.lib gdi32.lib winspool.lib comdlg32.lib advapi32.lib shell32.lib ole32.lib oleaut32.lib uuid.lib odbc32.lib odbccp32.lib /MANIFEST /MANIFESTUAC:"level='asInvoker' uiAccess='false'" /manifest:embed /PDB:"release\Proje.pdb" /SUBSYSTEM:WINDOWS /TLBID:1 /DYNAMICBASE /NXCOMPAT /MACHINE:X86 /SAFESEH "/MANIFESTDEPENDENCY:type='win32' name='Microsoft.Windows.Common-Controls' version='6.0.0.0' publicKeyToken='6595b64144ccf1df' language='*' processorArchitecture='*'" Win32\Release\about.obj
         Win32\Release\interface.obj
         Win32\Release\main.obj
         Win32\Release\moc_about.obj
         Win32\Release\moc_interface.obj
         Win32\Release\rs232.obj
         Proje.vcxproj -> C:\Users\SMSNG\Documents\Visual Studio 2012\Projects\Proje\release\Proje.exe
     1>Done Building Project "C:\Users\SMSNG\Documents\Visual Studio 2012\Projects\Proje\Proje.vcxproj" (Build target(s)).

Build succeeded.

Time Elapsed 00:00:16.60
